<?xml version="1.0" encoding="UTF-8"?>
<!-- Generated by org.testng.reporters.JUnitXMLReporter -->
<testsuite ignored="2" hostname="DESKTOP-CV7TFP2" failures="0" tests="2" name="Test" time="31.039" errors="0" timestamp="2025-08-24T12:40:03 IST">
  <testcase classname="testCases.TC003_LoginTestDataDriven" name="verify_loginDDT" time="8.315"/>
  <testcase classname="testCases.TC003_LoginTestDataDriven" name="verify_loginDDT" time="17.323"/>
  <testcase classname="testCases.TC001_AccountRegistrationTest" name="verifyAccountRegistration" time="0.0">
    <ignored/>
  </testcase> <!-- verifyAccountRegistration -->
  <testcase classname="testCases.TC002_LoginTest" name="verifyLogin" time="0.0">
    <ignored/>
  </testcase> <!-- verifyLogin -->
</testsuite> <!-- Test -->
